        -:    0:Source:/cygdrive/d/Universidad/Algoritmos y Estructuras de Datos I/TPI/TPI-template/TPI-toroide/tests/EJ05_cantidadVecinosVivosTEST.cpp
        -:    0:Graph:/cygdrive/d/Universidad/Algoritmos y Estructuras de Datos I/TPI/TPI-template/TPI-toroide/cmake-build-debug/CMakeFiles/juegoDeLaVida.dir/tests/EJ05_cantidadVecinosVivosTEST.gcno
        -:    0:Data:/cygdrive/d/Universidad/Algoritmos y Estructuras de Datos I/TPI/TPI-template/TPI-toroide/cmake-build-debug/CMakeFiles/juegoDeLaVida.dir/tests/EJ05_cantidadVecinosVivosTEST.gcda
        -:    0:Runs:1
        -:    1:#include "../ejercicios.h"
        -:    2:#include "../auxiliares.h"
        -:    3:#include "gtest/gtest.h"
        -:    4:#include <algorithm>
        -:    5:
        -:    6:using namespace std;
        -:    7:
        2:    8:TEST(cantidadVecinosVivosTEST, seisVivos){
        -:    9:    toroide t = {
        -:   10:            {true, false, false, false},
        -:   11:            {false, false, true, true},
        -:   12:            {false, false, false, false},
        8:   13:            {true, false, true, true}};
        -:   14:
       1*:   15:    EXPECT_EQ(cantidadVecinosVivos(t, 0, 3), 6);
        1:   16:}
------------------
_ZN39cantidadVecinosVivosTEST_seisVivos_Test8TestBodyEv:
        1:    8:TEST(cantidadVecinosVivosTEST, seisVivos){
        -:    9:    toroide t = {
        -:   10:            {true, false, false, false},
        -:   11:            {false, false, true, true},
        -:   12:            {false, false, false, false},
        8:   13:            {true, false, true, true}};
        1:   13-block  0
        1:   13-block  1
        1:   13-block  2
        1:   13-block  3
        1:   13-block  4
        4:   13-block  5
        1:   13-block  6
    $$$$$:   13-block  7
    $$$$$:   13-block  8
    $$$$$:   13-block  9
    $$$$$:   13-block 10
    $$$$$:   13-block 11
    $$$$$:   13-block 12
    $$$$$:   13-block 13
    $$$$$:   13-block 14
        -:   14:
       1*:   15:    EXPECT_EQ(cantidadVecinosVivos(t, 0, 3), 6);
        1:   15-block  0
        1:   15-block  1
    %%%%%:   15-block  2
    %%%%%:   15-block  3
    %%%%%:   15-block  4
    %%%%%:   15-block  5
    %%%%%:   15-block  6
        1:   15-block  7
    $$$$$:   15-block  8
    $$$$$:   15-block  9
    $$$$$:   15-block 10
    $$$$$:   15-block 11
    $$$$$:   15-block 12
    $$$$$:   15-block 13
    $$$$$:   15-block 14
        1:   16:}
------------------
_ZN39cantidadVecinosVivosTEST_seisVivos_TestC1Ev:
        1:    8:TEST(cantidadVecinosVivosTEST, seisVivos){
        1:    8-block  0
------------------
