        -:    0:Source:/cygdrive/d/Universidad/Algoritmos y Estructuras de Datos I/TPI/TPI-template/TPI-toroide/tests/EJ13_vistaTrasladadaTEST.cpp
        -:    0:Graph:/cygdrive/d/Universidad/Algoritmos y Estructuras de Datos I/TPI/TPI-template/TPI-toroide/cmake-build-debug/CMakeFiles/juegoDeLaVida.dir/tests/EJ13_vistaTrasladadaTEST.gcno
        -:    0:Data:/cygdrive/d/Universidad/Algoritmos y Estructuras de Datos I/TPI/TPI-template/TPI-toroide/cmake-build-debug/CMakeFiles/juegoDeLaVida.dir/tests/EJ13_vistaTrasladadaTEST.gcda
        -:    0:Runs:1
        -:    1:#include "../ejercicios.h"
        -:    2:#include "gtest/gtest.h"
        -:    3:#include <algorithm>
        -:    4:
        -:    5:using namespace std;
        -:    6:
        2:    7:TEST(vistaTrasladadaTEST, muevoTerceraFilaParaArriba){
        -:    8:    toroide t1 = { 
        -:    9:                  {true, false, false}, // 1
        -:   10:                  {false, true, false}, // 2
        7:   11:                  {false, false, true}};// 3
        -:   12:    toroide t2 = { 
        -:   13:                  {false, false, true}, // 3
        -:   14:                  {true, false, false}, // 1
        7:   15:                  {false, true, false}};// 2
        -:   16:
        1:   17:    bool res = vistaTrasladada(t1, t2);
       1*:   18:    EXPECT_TRUE(res);
        1:   19:}
------------------
_ZN51vistaTrasladadaTEST_muevoTerceraFilaParaArriba_Test8TestBodyEv:
        1:    7:TEST(vistaTrasladadaTEST, muevoTerceraFilaParaArriba){
        -:    8:    toroide t1 = { 
        -:    9:                  {true, false, false}, // 1
        -:   10:                  {false, true, false}, // 2
        7:   11:                  {false, false, true}};// 3
        1:   11-block  0
        1:   11-block  1
        1:   11-block  2
        1:   11-block  3
        3:   11-block  4
        1:   11-block  5
    $$$$$:   11-block  6
    $$$$$:   11-block  7
    $$$$$:   11-block  8
    $$$$$:   11-block  9
    $$$$$:   11-block 10
    $$$$$:   11-block 11
    $$$$$:   11-block 12
        -:   12:    toroide t2 = { 
        -:   13:                  {false, false, true}, // 3
        -:   14:                  {true, false, false}, // 1
        7:   15:                  {false, true, false}};// 2
        1:   15-block  0
        1:   15-block  1
        1:   15-block  2
        3:   15-block  3
        1:   15-block  4
    $$$$$:   15-block  5
    $$$$$:   15-block  6
    $$$$$:   15-block  7
    $$$$$:   15-block  8
    $$$$$:   15-block  9
    $$$$$:   15-block 10
    $$$$$:   15-block 11
        -:   16:
        1:   17:    bool res = vistaTrasladada(t1, t2);
       1*:   18:    EXPECT_TRUE(res);
        1:   18-block  0
        1:   18-block  1
    %%%%%:   18-block  2
    %%%%%:   18-block  3
    %%%%%:   18-block  4
    %%%%%:   18-block  5
    %%%%%:   18-block  6
        1:   18-block  7
    $$$$$:   18-block  8
    $$$$$:   18-block  9
    $$$$$:   18-block 10
    $$$$$:   18-block 11
    $$$$$:   18-block 12
    $$$$$:   18-block 13
    $$$$$:   18-block 14
        1:   19:}
------------------
_ZN51vistaTrasladadaTEST_muevoTerceraFilaParaArriba_TestC1Ev:
        1:    7:TEST(vistaTrasladadaTEST, muevoTerceraFilaParaArriba){
        1:    7-block  0
------------------
        -:   20:
        2:   21:TEST(vistaTrasladadaTEST, DiagonalVsTodoTrue){
        -:   22:    toroide t1 = { 
        -:   23:                  {true, false, false},
        -:   24:                  {false, true, false},
        7:   25:                  {false, false, true}}; 
        -:   26:    toroide t2 = { 
        -:   27:                  {true, true, true},
        -:   28:                  {true, true, true},
        7:   29:                  {true, true, true}}; 
        1:   30:    bool res = vistaTrasladada(t1, t2);
       1*:   31:    EXPECT_FALSE(res);
        1:   32:}
------------------
_ZN43vistaTrasladadaTEST_DiagonalVsTodoTrue_Test8TestBodyEv:
        1:   21:TEST(vistaTrasladadaTEST, DiagonalVsTodoTrue){
        -:   22:    toroide t1 = { 
        -:   23:                  {true, false, false},
        -:   24:                  {false, true, false},
        7:   25:                  {false, false, true}}; 
        1:   25-block  0
        1:   25-block  1
        1:   25-block  2
        1:   25-block  3
        3:   25-block  4
        1:   25-block  5
    $$$$$:   25-block  6
    $$$$$:   25-block  7
    $$$$$:   25-block  8
    $$$$$:   25-block  9
    $$$$$:   25-block 10
    $$$$$:   25-block 11
    $$$$$:   25-block 12
        -:   26:    toroide t2 = { 
        -:   27:                  {true, true, true},
        -:   28:                  {true, true, true},
        7:   29:                  {true, true, true}}; 
        1:   29-block  0
        1:   29-block  1
        1:   29-block  2
        3:   29-block  3
        1:   29-block  4
    $$$$$:   29-block  5
    $$$$$:   29-block  6
    $$$$$:   29-block  7
    $$$$$:   29-block  8
    $$$$$:   29-block  9
    $$$$$:   29-block 10
    $$$$$:   29-block 11
        1:   30:    bool res = vistaTrasladada(t1, t2);
       1*:   31:    EXPECT_FALSE(res);
        1:   31-block  0
        1:   31-block  1
    %%%%%:   31-block  2
    %%%%%:   31-block  3
    %%%%%:   31-block  4
    %%%%%:   31-block  5
    %%%%%:   31-block  6
        1:   31-block  7
    $$$$$:   31-block  8
    $$$$$:   31-block  9
    $$$$$:   31-block 10
    $$$$$:   31-block 11
    $$$$$:   31-block 12
    $$$$$:   31-block 13
    $$$$$:   31-block 14
    $$$$$:   31-block 15
        1:   32:}
------------------
_ZN43vistaTrasladadaTEST_DiagonalVsTodoTrue_TestC1Ev:
        1:   21:TEST(vistaTrasladadaTEST, DiagonalVsTodoTrue){
        1:   21-block  0
------------------
